生成启动时间为 2016/3/11 11:53:23。
     1>项目“E:\Program\MyRenderEngine\Render\Render\Render.vcxproj”在节点 2 上(Build 个目标)。
     1>ClCompile:
         C:\Program Files (x86)\Microsoft Visual Studio 12.0\VC\bin\CL.exe /c /ZI /nologo /W3 /WX- /sdl /Od /Oy- /D _USING_V110_SDK71_ /D _MBCS /Gm /EHsc /RTC1 /MDd /GS /fp:precise /Zc:wchar_t /Zc:forScope /Fo"Debug\\" /Fd"Debug\vc120.pdb" /Gd /TP /analyze- /errorReport:prompt sample1cpp.cpp
         sample1cpp.cpp
     1>e:\program\myrenderengine\render\render\sample1cpp.cpp(57): warning C4305: “=”: 从“double”到“float”截断
     1>e:\program\myrenderengine\render\render\sample1cpp.cpp(66): warning C4305: “=”: 从“double”到“float”截断
     1>e:\program\myrenderengine\render\render\sample1cpp.cpp(72): warning C4305: “=”: 从“double”到“float”截断
     1>e:\program\myrenderengine\render\render\sample1cpp.cpp(73): warning C4305: “=”: 从“double”到“float”截断
     1>e:\program\myrenderengine\render\render\sample1cpp.cpp(98): warning C4305: “=”: 从“double”到“float”截断
     1>e:\program\myrenderengine\render\render\sample1cpp.cpp(104): warning C4305: “=”: 从“double”到“float”截断
     1>e:\program\myrenderengine\render\render\sample1cpp.cpp(105): warning C4305: “=”: 从“double”到“float”截断
     1>e:\program\myrenderengine\render\render\sample1cpp.cpp(161): warning C4305: “+=”: 从“double”到“float”截断
     1>C:\Program Files (x86)\MSBuild\Microsoft.Cpp\v4.0\V120\Microsoft.CppBuild.targets(1197,5): warning MSB8030: The linker switch "Minimum Required Version" requires "SubSystem" to be set.  Without "SubSystem", the "Minimum Required Version" would not be passed to linker and could prevent to the output binary from running on older Operating Systems.
       Link:
         C:\Program Files (x86)\Microsoft Visual Studio 12.0\VC\bin\link.exe /ERRORREPORT:PROMPT /OUT:"E:\Program\MyRenderEngine\Render\Debug\Render.exe" /INCREMENTAL /NOLOGO ddraw.lib dxguid.lib kernel32.lib user32.lib gdi32.lib winspool.lib comdlg32.lib advapi32.lib shell32.lib ole32.lib oleaut32.lib uuid.lib odbc32.lib odbccp32.lib /MANIFEST /MANIFESTUAC:"level='asInvoker' uiAccess='false'" /manifest:embed /DEBUG /PDB:"E:\Program\MyRenderEngine\Render\Debug\Render.pdb" /TLBID:1 /DYNAMICBASE /NXCOMPAT /IMPLIB:"E:\Program\MyRenderEngine\Render\Debug\Render.lib" /MACHINE:X86 Debug\camera.obj
         Debug\draw.obj
         Debug\draw_windows.obj
         Debug\light.obj
         Debug\math3d.obj
         Debug\poly.obj
         Debug\resource.obj
         Debug\sample1cpp.obj
         Render.vcxproj -> E:\Program\MyRenderEngine\Render\Debug\Render.exe
     1>已完成生成项目“E:\Program\MyRenderEngine\Render\Render\Render.vcxproj”(Build 个目标)的操作。

生成成功。

已用时间 00:00:01.54
